2025-12-16 13:26:39,145 - INFO - Random seed set to: 42
2025-12-16 14:07:02,801 - INFO - Random seed set to: 42
2025-12-16 14:07:05,322 - INFO - Random seed set to: 42
2025-12-16 14:07:27,274 - INFO - ================================================================================
2025-12-16 14:07:27,275 - INFO - EXPERIMENT CONFIGURATION
2025-12-16 14:07:27,276 - INFO - ================================================================================
2025-12-16 14:07:27,277 - INFO - Experiment: ultimate_emotion_detection
2025-12-16 14:07:27,278 - INFO - Model: LSTM
2025-12-16 14:07:27,279 - INFO - RNN Units: 128, Layers: 1
2025-12-16 14:07:27,280 - INFO - Embedding: GLOVE, Dim: 100, Trainable: False
2025-12-16 14:07:27,282 - INFO - Ablation - Aggressive Norm: True
2025-12-16 14:07:27,283 - INFO - Ablation - Elongation Norm: True
2025-12-16 14:07:27,284 - INFO - Random Seed: 42
2025-12-16 14:07:27,285 - INFO - ================================================================================
2025-12-16 17:26:21,322 - INFO - Random seed set to: 42
2025-12-16 17:26:21,383 - INFO - ================================================================================
2025-12-16 17:26:21,384 - INFO - EXPERIMENT CONFIGURATION
2025-12-16 17:26:21,385 - INFO - ================================================================================
2025-12-16 17:26:21,386 - INFO - Experiment: ultimate_emotion_detection
2025-12-16 17:26:21,387 - INFO - Model: LSTM
2025-12-16 17:26:21,388 - INFO - RNN Units: 128, Layers: 1
2025-12-16 17:26:21,389 - INFO - Embedding: GLOVE, Dim: 100, Trainable: False
2025-12-16 17:26:21,391 - INFO - Ablation - Aggressive Norm: True
2025-12-16 17:26:21,392 - INFO - Ablation - Elongation Norm: True
2025-12-16 17:26:21,393 - INFO - Random Seed: 42
2025-12-16 17:26:21,394 - INFO - ================================================================================
