2025-12-17 13:09:47,729 - INFO - Random seed set to: 42
2025-12-17 13:09:47,816 - INFO - ================================================================================
2025-12-17 13:09:47,817 - INFO - EXPERIMENT CONFIGURATION
2025-12-17 13:09:47,818 - INFO - ================================================================================
2025-12-17 13:09:47,819 - INFO - Experiment: ultimate_emotion_detection
2025-12-17 13:09:47,820 - INFO - Model: LSTM
2025-12-17 13:09:47,821 - INFO - RNN Units: 128, Layers: 1
2025-12-17 13:09:47,821 - INFO - Embedding: GLOVE, Dim: 100, Trainable: False
2025-12-17 13:09:47,822 - INFO - Ablation - Aggressive Norm: True
2025-12-17 13:09:47,824 - INFO - Ablation - Elongation Norm: True
2025-12-17 13:09:47,825 - INFO - Random Seed: 42
2025-12-17 13:09:47,826 - INFO - ================================================================================
2025-12-17 13:23:06,924 - INFO - Random seed set to: 42
2025-12-17 13:23:07,188 - INFO - ================================================================================
2025-12-17 13:23:07,189 - INFO - EXPERIMENT CONFIGURATION
2025-12-17 13:23:07,190 - INFO - ================================================================================
2025-12-17 13:23:07,190 - INFO - Experiment: ultimate_emotion_detection
2025-12-17 13:23:07,191 - INFO - Model: LSTM
2025-12-17 13:23:07,192 - INFO - RNN Units: 128, Layers: 1
2025-12-17 13:23:07,192 - INFO - Embedding: GLOVE, Dim: 100, Trainable: False
2025-12-17 13:23:07,193 - INFO - Ablation - Aggressive Norm: True
2025-12-17 13:23:07,194 - INFO - Ablation - Elongation Norm: True
2025-12-17 13:23:07,194 - INFO - Random Seed: 42
2025-12-17 13:23:07,195 - INFO - ================================================================================
2025-12-17 13:24:46,384 - INFO - Random seed set to: 42
2025-12-17 13:24:46,653 - INFO - ================================================================================
2025-12-17 13:24:46,655 - INFO - EXPERIMENT CONFIGURATION
2025-12-17 13:24:46,655 - INFO - ================================================================================
2025-12-17 13:24:46,656 - INFO - Experiment: ultimate_emotion_detection
2025-12-17 13:24:46,657 - INFO - Model: LSTM
2025-12-17 13:24:46,657 - INFO - RNN Units: 128, Layers: 1
2025-12-17 13:24:46,658 - INFO - Embedding: GLOVE, Dim: 100, Trainable: False
2025-12-17 13:24:46,659 - INFO - Ablation - Aggressive Norm: True
2025-12-17 13:24:46,660 - INFO - Ablation - Elongation Norm: True
2025-12-17 13:24:46,661 - INFO - Random Seed: 42
2025-12-17 13:24:46,661 - INFO - ================================================================================
2025-12-17 13:28:36,854 - INFO - Random seed set to: 42
2025-12-17 13:28:37,116 - INFO - ================================================================================
2025-12-17 13:28:37,117 - INFO - EXPERIMENT CONFIGURATION
2025-12-17 13:28:37,117 - INFO - ================================================================================
2025-12-17 13:28:37,118 - INFO - Experiment: ultimate_emotion_detection
2025-12-17 13:28:37,118 - INFO - Model: LSTM
2025-12-17 13:28:37,118 - INFO - RNN Units: 128, Layers: 1
2025-12-17 13:28:37,119 - INFO - Embedding: GLOVE, Dim: 100, Trainable: False
2025-12-17 13:28:37,119 - INFO - Ablation - Aggressive Norm: True
2025-12-17 13:28:37,119 - INFO - Ablation - Elongation Norm: True
2025-12-17 13:28:37,120 - INFO - Random Seed: 42
2025-12-17 13:28:37,120 - INFO - ================================================================================
2025-12-17 13:28:37,237 - INFO - Loading datasets...
2025-12-17 13:28:37,365 - INFO - Loaded 16000 training and 2000 validation samples
2025-12-17 13:28:42,511 - INFO - Preprocessing 16000 samples...
2025-12-17 13:28:44,705 - INFO - Preprocessing Statistics:
2025-12-17 13:28:44,706 - INFO -   Avg tokens before: 19.17
2025-12-17 13:28:44,706 - INFO -   Avg tokens after: 19.44
2025-12-17 13:28:44,707 - INFO -   Texts modified: 3850 (24.1%)
2025-12-17 13:28:44,708 - INFO - Preprocessing 2000 samples...
2025-12-17 13:28:44,981 - INFO - Preprocessing Statistics:
2025-12-17 13:28:44,982 - INFO -   Avg tokens before: 18.87
2025-12-17 13:28:44,982 - INFO -   Avg tokens after: 19.14
2025-12-17 13:28:44,982 - INFO -   Texts modified: 4338 (216.9%)
2025-12-17 13:28:44,987 - WARNING - Removed 34 duplicates
2025-12-17 13:28:44,990 - WARNING - Data leakage: 5 overlapping texts found
2025-12-17 13:28:45,009 - INFO - Creating tokenizer with max_words=20000...
2025-12-17 13:28:45,289 - INFO - Tokenizer created. Vocabulary size: 15156
2025-12-17 13:28:45,290 - INFO - Total unique words: 15156
2025-12-17 13:28:45,662 - INFO - Sequence Length Analysis:
2025-12-17 13:28:45,663 - INFO -   Mean: 19.45, Median: 17
2025-12-17 13:28:45,663 - INFO -   Max: 70, Min: 2
2025-12-17 13:28:45,664 - INFO -   Truncated: 16 (0.1%)
2025-12-17 13:28:46,383 - INFO - Converted 15966 texts to sequences of length 60
2025-12-17 13:28:46,416 - INFO - Converted 1995 texts to sequences of length 60
2025-12-17 13:28:46,464 - INFO - Tokenizer saved to configs/tokenizer.json
2025-12-17 13:28:46,476 - INFO - Loading GloVe embeddings from /home/lab/rabanof/Emotion_Detection_DL/glove/glove.6B.100d.txt...
2025-12-17 13:35:20,502 - INFO - Random seed set to: 42
2025-12-17 13:35:20,778 - INFO - ================================================================================
2025-12-17 13:35:20,779 - INFO - EXPERIMENT CONFIGURATION
2025-12-17 13:35:20,779 - INFO - ================================================================================
2025-12-17 13:35:20,780 - INFO - Experiment: ultimate_emotion_detection
2025-12-17 13:35:20,781 - INFO - Model: LSTM
2025-12-17 13:35:20,781 - INFO - RNN Units: 128, Layers: 1
2025-12-17 13:35:20,782 - INFO - Embedding: GLOVE, Dim: 100, Trainable: False
2025-12-17 13:35:20,782 - INFO - Ablation - Aggressive Norm: True
2025-12-17 13:35:20,782 - INFO - Ablation - Elongation Norm: True
2025-12-17 13:35:20,783 - INFO - Random Seed: 42
2025-12-17 13:35:20,783 - INFO - ================================================================================
2025-12-17 13:35:20,905 - INFO - Loading datasets...
2025-12-17 13:35:20,957 - INFO - Loaded 16000 training and 2000 validation samples
2025-12-17 13:35:25,883 - INFO - Preprocessing 16000 samples...
2025-12-17 13:35:28,079 - INFO - Preprocessing Statistics:
2025-12-17 13:35:28,081 - INFO -   Avg tokens before: 19.17
2025-12-17 13:35:28,081 - INFO -   Avg tokens after: 19.44
2025-12-17 13:35:28,082 - INFO -   Texts modified: 3850 (24.1%)
2025-12-17 13:35:28,083 - INFO - Preprocessing 2000 samples...
2025-12-17 13:35:28,358 - INFO - Preprocessing Statistics:
2025-12-17 13:35:28,359 - INFO -   Avg tokens before: 18.87
2025-12-17 13:35:28,360 - INFO -   Avg tokens after: 19.14
2025-12-17 13:35:28,360 - INFO -   Texts modified: 4338 (216.9%)
2025-12-17 13:35:28,365 - WARNING - Removed 34 duplicates
2025-12-17 13:35:28,368 - WARNING - Data leakage: 5 overlapping texts found
2025-12-17 13:35:28,387 - INFO - Creating tokenizer with max_words=20000...
2025-12-17 13:35:28,667 - INFO - Tokenizer created. Vocabulary size: 15156
2025-12-17 13:35:28,668 - INFO - Total unique words: 15156
2025-12-17 13:35:29,066 - INFO - Sequence Length Analysis:
2025-12-17 13:35:29,066 - INFO -   Mean: 19.45, Median: 17
2025-12-17 13:35:29,067 - INFO -   Max: 70, Min: 2
2025-12-17 13:35:29,067 - INFO -   Truncated: 16 (0.1%)
2025-12-17 13:35:29,782 - INFO - Converted 15966 texts to sequences of length 60
2025-12-17 13:35:29,814 - INFO - Converted 1995 texts to sequences of length 60
2025-12-17 13:35:29,864 - INFO - Tokenizer saved to configs/tokenizer.json
2025-12-17 13:35:29,876 - INFO - Loading GloVe embeddings from /home/lab/rabanof/Emotion_Detection_DL/glove/glove.6B.100d.txt...
2025-12-17 13:35:37,176 - INFO - Loaded 400000 word vectors
2025-12-17 13:35:37,243 - INFO - Embedding Matrix Created:
2025-12-17 13:35:37,245 - INFO -   Shape: (15157, 100)
2025-12-17 13:35:37,246 - INFO -   Coverage: 14198/15156 (93.68%)
2025-12-17 13:35:37,246 - INFO -   OOV: 958 (6.32%)
2025-12-17 13:35:37,611 - INFO - Embedding matrix saved to saved_models/embedding_matrix.npy
2025-12-17 13:35:37,622 - INFO - Building LSTM model...
2025-12-17 13:35:38,100 - INFO - Model built successfully!
2025-12-17 13:35:38,100 - INFO -   Type: LSTM
2025-12-17 13:35:38,101 - INFO -   Units: 128, Layers: 1
2025-12-17 13:35:38,101 - INFO -   Trainable embeddings: False
2025-12-17 13:35:38,102 - INFO -   Total parameters: 1,633,722
2025-12-17 13:35:38,114 - INFO - Class weights computed: {0: 0.5707850707850708, 1: 0.4974761637689288, 2: 2.048498845265589, 3: 1.2348027842227378, 4: 1.3766166580444905, 5: 4.684859154929577}
2025-12-17 13:35:58,006 - INFO - Epoch 1 completed in 19.67s - val_acc: 0.3454
2025-12-17 13:36:15,518 - INFO - Epoch 2 completed in 17.15s - val_acc: 0.0887
2025-12-17 13:36:32,592 - INFO - Epoch 3 completed in 16.96s - val_acc: 0.3133
2025-12-17 13:38:00,343 - INFO - Random seed set to: 42
2025-12-17 13:38:00,625 - INFO - ================================================================================
2025-12-17 13:38:00,626 - INFO - EXPERIMENT CONFIGURATION
2025-12-17 13:38:00,627 - INFO - ================================================================================
2025-12-17 13:38:00,627 - INFO - Experiment: ultimate_emotion_detection
2025-12-17 13:38:00,628 - INFO - Model: LSTM
2025-12-17 13:38:00,628 - INFO - RNN Units: 128, Layers: 1
2025-12-17 13:38:00,629 - INFO - Embedding: GLOVE, Dim: 100, Trainable: False
2025-12-17 13:38:00,629 - INFO - Ablation - Aggressive Norm: True
2025-12-17 13:38:00,630 - INFO - Ablation - Elongation Norm: True
2025-12-17 13:38:00,630 - INFO - Random Seed: 42
2025-12-17 13:38:00,630 - INFO - ================================================================================
2025-12-17 13:38:00,752 - INFO - Loading datasets...
2025-12-17 13:38:00,801 - INFO - Loaded 16000 training and 2000 validation samples
2025-12-17 13:38:05,712 - INFO - Preprocessing 16000 samples...
2025-12-17 13:38:07,899 - INFO - Preprocessing Statistics:
2025-12-17 13:38:07,901 - INFO -   Avg tokens before: 19.17
2025-12-17 13:38:07,901 - INFO -   Avg tokens after: 19.44
2025-12-17 13:38:07,902 - INFO -   Texts modified: 3850 (24.1%)
2025-12-17 13:38:07,903 - INFO - Preprocessing 2000 samples...
2025-12-17 13:38:08,177 - INFO - Preprocessing Statistics:
2025-12-17 13:38:08,178 - INFO -   Avg tokens before: 18.87
2025-12-17 13:38:08,178 - INFO -   Avg tokens after: 19.14
2025-12-17 13:38:08,179 - INFO -   Texts modified: 4338 (216.9%)
2025-12-17 13:38:08,183 - WARNING - Removed 34 duplicates
2025-12-17 13:38:08,186 - WARNING - Data leakage: 5 overlapping texts found
2025-12-17 13:38:08,203 - INFO - Creating tokenizer with max_words=20000...
2025-12-17 13:38:08,479 - INFO - Tokenizer created. Vocabulary size: 15156
2025-12-17 13:38:08,480 - INFO - Total unique words: 15156
2025-12-17 13:38:08,850 - INFO - Sequence Length Analysis:
2025-12-17 13:38:08,850 - INFO -   Mean: 19.45, Median: 17
2025-12-17 13:38:08,851 - INFO -   Max: 70, Min: 2
2025-12-17 13:38:08,851 - INFO -   Truncated: 16 (0.1%)
2025-12-17 13:38:09,560 - INFO - Converted 15966 texts to sequences of length 60
2025-12-17 13:38:09,591 - INFO - Converted 1995 texts to sequences of length 60
2025-12-17 13:38:09,637 - INFO - Tokenizer saved to configs/tokenizer.json
2025-12-17 13:38:09,649 - INFO - Loading GloVe embeddings from /home/lab/rabanof/Emotion_Detection_DL/glove/glove.6B.100d.txt...
2025-12-17 13:38:16,771 - INFO - Loaded 400000 word vectors
2025-12-17 13:38:16,837 - INFO - Embedding Matrix Created:
2025-12-17 13:38:16,838 - INFO -   Shape: (15157, 100)
2025-12-17 13:38:16,838 - INFO -   Coverage: 14198/15156 (93.68%)
2025-12-17 13:38:16,839 - INFO -   OOV: 958 (6.32%)
2025-12-17 13:38:17,050 - INFO - Embedding matrix saved to saved_models/embedding_matrix.npy
2025-12-17 13:38:17,059 - INFO - Building LSTM model...
2025-12-17 13:38:17,352 - INFO - Model built successfully!
2025-12-17 13:38:17,352 - INFO -   Type: LSTM
2025-12-17 13:38:17,353 - INFO -   Units: 128, Layers: 1
2025-12-17 13:38:17,353 - INFO -   Trainable embeddings: False
2025-12-17 13:38:17,354 - INFO -   Total parameters: 1,633,722
2025-12-17 13:38:17,366 - INFO - Class weights computed: {0: 0.5707850707850708, 1: 0.4974761637689288, 2: 2.048498845265589, 3: 1.2348027842227378, 4: 1.3766166580444905, 5: 4.684859154929577}
2025-12-17 13:38:36,176 - INFO - Epoch 1 completed in 18.68s - val_acc: 0.3484
2025-12-17 13:38:53,078 - INFO - Epoch 2 completed in 16.63s - val_acc: 0.0877
2025-12-17 13:39:13,911 - INFO - Epoch 3 completed in 20.72s - val_acc: 0.1925
2025-12-17 13:39:34,553 - INFO - Epoch 4 completed in 20.54s - val_acc: 0.1579
2025-12-17 13:39:56,431 - INFO - Epoch 5 completed in 21.77s - val_acc: 0.3564
2025-12-17 13:40:16,197 - INFO - Epoch 6 completed in 19.58s - val_acc: 0.0907
2025-12-17 13:40:38,243 - INFO - Epoch 7 completed in 21.95s - val_acc: 0.1068
2025-12-17 13:41:05,052 - INFO - Random seed set to: 42
2025-12-17 13:41:05,354 - INFO - ================================================================================
2025-12-17 13:41:05,355 - INFO - EXPERIMENT CONFIGURATION
2025-12-17 13:41:05,356 - INFO - ================================================================================
2025-12-17 13:41:05,357 - INFO - Experiment: ultimate_emotion_detection
2025-12-17 13:41:05,357 - INFO - Model: LSTM
2025-12-17 13:41:05,358 - INFO - RNN Units: 128, Layers: 1
2025-12-17 13:41:05,359 - INFO - Embedding: GLOVE, Dim: 100, Trainable: False
2025-12-17 13:41:05,360 - INFO - Ablation - Aggressive Norm: True
2025-12-17 13:41:05,361 - INFO - Ablation - Elongation Norm: True
2025-12-17 13:41:05,361 - INFO - Random Seed: 42
2025-12-17 13:41:05,362 - INFO - ================================================================================
2025-12-17 13:41:05,494 - INFO - Loading datasets...
2025-12-17 13:41:05,550 - INFO - Loaded 16000 training and 2000 validation samples
2025-12-17 13:41:10,535 - INFO - Preprocessing 16000 samples...
2025-12-17 13:41:12,766 - INFO - Preprocessing Statistics:
2025-12-17 13:41:12,770 - INFO -   Avg tokens before: 19.17
2025-12-17 13:41:12,771 - INFO -   Avg tokens after: 19.44
2025-12-17 13:41:12,771 - INFO -   Texts modified: 3850 (24.1%)
2025-12-17 13:41:12,774 - INFO - Preprocessing 2000 samples...
2025-12-17 13:41:13,053 - INFO - Preprocessing Statistics:
2025-12-17 13:41:13,054 - INFO -   Avg tokens before: 18.87
2025-12-17 13:41:13,055 - INFO -   Avg tokens after: 19.14
2025-12-17 13:41:13,055 - INFO -   Texts modified: 4338 (216.9%)
2025-12-17 13:41:13,061 - WARNING - Removed 34 duplicates
2025-12-17 13:41:13,065 - WARNING - Data leakage: 5 overlapping texts found
2025-12-17 13:41:13,086 - INFO - Creating tokenizer with max_words=20000...
2025-12-17 13:41:13,366 - INFO - Tokenizer created. Vocabulary size: 15156
2025-12-17 13:41:13,367 - INFO - Total unique words: 15156
2025-12-17 13:41:13,814 - INFO - Sequence Length Analysis:
2025-12-17 13:41:13,816 - INFO -   Mean: 19.45, Median: 17
2025-12-17 13:41:13,816 - INFO -   Max: 70, Min: 2
2025-12-17 13:41:13,817 - INFO -   Truncated: 16 (0.1%)
2025-12-17 13:41:14,562 - INFO - Converted 15966 texts to sequences of length 60
2025-12-17 13:41:14,594 - INFO - Converted 1995 texts to sequences of length 60
2025-12-17 13:41:14,644 - INFO - Tokenizer saved to configs/tokenizer.json
2025-12-17 13:41:14,659 - INFO - Loading GloVe embeddings from /home/lab/rabanof/Emotion_Detection_DL/glove/glove.6B.100d.txt...
2025-12-17 13:41:21,741 - INFO - Loaded 400000 word vectors
2025-12-17 13:41:21,830 - INFO - Embedding Matrix Created:
2025-12-17 13:41:21,832 - INFO -   Shape: (15157, 100)
2025-12-17 13:41:21,833 - INFO -   Coverage: 14198/15156 (93.68%)
2025-12-17 13:41:21,833 - INFO -   OOV: 958 (6.32%)
2025-12-17 13:41:22,060 - INFO - Embedding matrix saved to saved_models/embedding_matrix.npy
2025-12-17 13:41:22,073 - INFO - Building LSTM model...
2025-12-17 13:41:22,393 - INFO - Model built successfully!
2025-12-17 13:41:22,395 - INFO -   Type: LSTM
2025-12-17 13:41:22,396 - INFO -   Units: 128, Layers: 1
2025-12-17 13:41:22,396 - INFO -   Trainable embeddings: False
2025-12-17 13:41:22,397 - INFO -   Total parameters: 1,633,722
2025-12-17 13:41:22,418 - INFO - Class weights computed: {0: 0.5707850707850708, 1: 0.4974761637689288, 2: 2.048498845265589, 3: 1.2348027842227378, 4: 1.3766166580444905, 5: 4.684859154929577}
2025-12-17 13:41:41,134 - INFO - Epoch 1 completed in 18.55s - val_acc: 0.3424
2025-12-17 13:42:33,422 - INFO - Random seed set to: 42
2025-12-17 13:42:33,697 - INFO - ================================================================================
2025-12-17 13:42:33,698 - INFO - EXPERIMENT CONFIGURATION
2025-12-17 13:42:33,698 - INFO - ================================================================================
2025-12-17 13:42:33,699 - INFO - Experiment: ultimate_emotion_detection
2025-12-17 13:42:33,700 - INFO - Model: LSTM
2025-12-17 13:42:33,700 - INFO - RNN Units: 128, Layers: 1
2025-12-17 13:42:33,701 - INFO - Embedding: GLOVE, Dim: 100, Trainable: False
2025-12-17 13:42:33,701 - INFO - Ablation - Aggressive Norm: True
2025-12-17 13:42:33,702 - INFO - Ablation - Elongation Norm: True
2025-12-17 13:42:33,702 - INFO - Random Seed: 42
2025-12-17 13:42:33,703 - INFO - ================================================================================
2025-12-17 13:42:33,826 - INFO - Loading datasets...
2025-12-17 13:42:33,877 - INFO - Loaded 16000 training and 2000 validation samples
2025-12-17 13:42:38,798 - INFO - Preprocessing 16000 samples...
2025-12-17 13:42:41,039 - INFO - Preprocessing Statistics:
2025-12-17 13:42:41,040 - INFO -   Avg tokens before: 19.17
2025-12-17 13:42:41,040 - INFO -   Avg tokens after: 19.44
2025-12-17 13:42:41,041 - INFO -   Texts modified: 3850 (24.1%)
2025-12-17 13:42:41,042 - INFO - Preprocessing 2000 samples...
2025-12-17 13:42:41,321 - INFO - Preprocessing Statistics:
2025-12-17 13:42:41,322 - INFO -   Avg tokens before: 18.87
2025-12-17 13:42:41,323 - INFO -   Avg tokens after: 19.14
2025-12-17 13:42:41,323 - INFO -   Texts modified: 4338 (216.9%)
2025-12-17 13:42:41,328 - WARNING - Removed 34 duplicates
2025-12-17 13:42:41,331 - WARNING - Data leakage: 5 overlapping texts found
2025-12-17 13:42:41,348 - INFO - Creating tokenizer with max_words=20000...
2025-12-17 13:42:41,636 - INFO - Tokenizer created. Vocabulary size: 15156
2025-12-17 13:42:41,637 - INFO - Total unique words: 15156
2025-12-17 13:42:42,012 - INFO - Sequence Length Analysis:
2025-12-17 13:42:42,013 - INFO -   Mean: 19.45, Median: 17
2025-12-17 13:42:42,014 - INFO -   Max: 70, Min: 2
2025-12-17 13:42:42,014 - INFO -   Truncated: 16 (0.1%)
2025-12-17 13:42:42,731 - INFO - Converted 15966 texts to sequences of length 60
2025-12-17 13:42:42,762 - INFO - Converted 1995 texts to sequences of length 60
2025-12-17 13:42:42,809 - INFO - Tokenizer saved to configs/tokenizer.json
2025-12-17 13:42:42,823 - INFO - Loading GloVe embeddings from /home/lab/rabanof/Emotion_Detection_DL/glove/glove.6B.100d.txt...
2025-12-17 13:42:50,129 - INFO - Loaded 400000 word vectors
2025-12-17 13:42:50,206 - INFO - Embedding Matrix Created:
2025-12-17 13:42:50,207 - INFO -   Shape: (15157, 100)
2025-12-17 13:42:50,208 - INFO -   Coverage: 14198/15156 (93.68%)
2025-12-17 13:42:50,208 - INFO -   OOV: 958 (6.32%)
2025-12-17 13:42:50,424 - INFO - Embedding matrix saved to saved_models/embedding_matrix.npy
2025-12-17 13:42:50,434 - INFO - Building LSTM model...
2025-12-17 13:42:50,742 - INFO - Model built successfully!
2025-12-17 13:42:50,743 - INFO -   Type: LSTM
2025-12-17 13:42:50,744 - INFO -   Units: 128, Layers: 1
2025-12-17 13:42:50,744 - INFO -   Trainable embeddings: False
2025-12-17 13:42:50,745 - INFO -   Total parameters: 1,633,722
2025-12-17 13:42:50,759 - INFO - Class weights computed: {0: 0.5707850707850708, 1: 0.4974761637689288, 2: 2.048498845265589, 3: 1.2348027842227378, 4: 1.3766166580444905, 5: 4.684859154929577}
2025-12-17 13:43:13,279 - INFO - Epoch 1 completed in 22.39s - val_acc: 0.3474
2025-12-17 13:43:34,928 - INFO - Epoch 2 completed in 21.37s - val_acc: 0.0932
2025-12-17 13:44:12,622 - INFO - Random seed set to: 42
2025-12-17 13:44:12,904 - INFO - ================================================================================
2025-12-17 13:44:12,905 - INFO - EXPERIMENT CONFIGURATION
2025-12-17 13:44:12,906 - INFO - ================================================================================
2025-12-17 13:44:12,906 - INFO - Experiment: ultimate_emotion_detection
2025-12-17 13:44:12,907 - INFO - Model: LSTM
2025-12-17 13:44:12,908 - INFO - RNN Units: 128, Layers: 1
2025-12-17 13:44:12,909 - INFO - Embedding: GLOVE, Dim: 100, Trainable: False
2025-12-17 13:44:12,910 - INFO - Ablation - Aggressive Norm: True
2025-12-17 13:44:12,910 - INFO - Ablation - Elongation Norm: True
2025-12-17 13:44:12,911 - INFO - Random Seed: 42
2025-12-17 13:44:12,912 - INFO - ================================================================================
2025-12-17 13:44:13,044 - INFO - Loading datasets...
2025-12-17 13:44:13,106 - INFO - Loaded 16000 training and 2000 validation samples
2025-12-17 13:44:18,156 - INFO - Preprocessing 16000 samples...
2025-12-17 13:44:20,391 - INFO - Preprocessing Statistics:
2025-12-17 13:44:20,393 - INFO -   Avg tokens before: 19.17
2025-12-17 13:44:20,394 - INFO -   Avg tokens after: 19.44
2025-12-17 13:44:20,394 - INFO -   Texts modified: 3850 (24.1%)
2025-12-17 13:44:20,397 - INFO - Preprocessing 2000 samples...
2025-12-17 13:44:20,681 - INFO - Preprocessing Statistics:
2025-12-17 13:44:20,682 - INFO -   Avg tokens before: 18.87
2025-12-17 13:44:20,683 - INFO -   Avg tokens after: 19.14
2025-12-17 13:44:20,683 - INFO -   Texts modified: 4338 (216.9%)
2025-12-17 13:44:20,688 - WARNING - Removed 34 duplicates
2025-12-17 13:44:20,692 - WARNING - Data leakage: 5 overlapping texts found
2025-12-17 13:44:20,711 - INFO - Creating tokenizer with max_words=20000...
2025-12-17 13:44:20,995 - INFO - Tokenizer created. Vocabulary size: 15156
2025-12-17 13:44:20,996 - INFO - Total unique words: 15156
2025-12-17 13:44:21,188 - INFO - Sequence Length Analysis:
2025-12-17 13:44:21,189 - INFO -   Mean: 19.45, Median: 17
2025-12-17 13:44:21,189 - INFO -   Max: 70, Min: 2
2025-12-17 13:44:21,190 - INFO -   Truncated: 16 (0.1%)
2025-12-17 13:44:22,167 - INFO - Converted 15966 texts to sequences of length 60
2025-12-17 13:44:22,198 - INFO - Converted 1995 texts to sequences of length 60
2025-12-17 13:44:22,249 - INFO - Tokenizer saved to configs/tokenizer.json
2025-12-17 13:44:22,261 - INFO - Loading GloVe embeddings from /home/lab/rabanof/Emotion_Detection_DL/glove/glove.6B.100d.txt...
2025-12-17 13:44:29,462 - INFO - Loaded 400000 word vectors
2025-12-17 13:44:29,553 - INFO - Embedding Matrix Created:
2025-12-17 13:44:29,554 - INFO -   Shape: (15157, 100)
2025-12-17 13:44:29,555 - INFO -   Coverage: 14198/15156 (93.68%)
2025-12-17 13:44:29,555 - INFO -   OOV: 958 (6.32%)
2025-12-17 13:44:29,771 - INFO - Embedding matrix saved to saved_models/embedding_matrix.npy
2025-12-17 13:44:29,781 - INFO - Building LSTM model...
2025-12-17 13:44:30,092 - INFO - Model built successfully!
2025-12-17 13:44:30,092 - INFO -   Type: LSTM
2025-12-17 13:44:30,093 - INFO -   Units: 128, Layers: 1
2025-12-17 13:44:30,093 - INFO -   Trainable embeddings: False
2025-12-17 13:44:30,094 - INFO -   Total parameters: 1,633,722
2025-12-17 13:44:30,106 - INFO - Class weights computed: {0: 0.5707850707850708, 1: 0.4974761637689288, 2: 2.048498845265589, 3: 1.2348027842227378, 4: 1.3766166580444905, 5: 4.684859154929577}
2025-12-17 13:44:50,142 - INFO - Epoch 1 completed in 19.89s - val_acc: 0.3489
2025-12-17 13:45:07,846 - INFO - Epoch 2 completed in 17.42s - val_acc: 0.0927
2025-12-17 13:45:24,753 - INFO - Epoch 3 completed in 16.82s - val_acc: 0.3429
2025-12-17 13:45:41,489 - INFO - Epoch 4 completed in 16.62s - val_acc: 0.2637
2025-12-17 13:45:58,418 - INFO - Epoch 5 completed in 16.83s - val_acc: 0.1333
2025-12-17 13:46:17,964 - INFO - Epoch 6 completed in 19.45s - val_acc: 0.3128
2025-12-17 13:46:35,848 - INFO - Epoch 7 completed in 17.79s - val_acc: 0.3073
2025-12-17 13:47:09,015 - INFO - Random seed set to: 42
2025-12-17 13:47:09,284 - INFO - ================================================================================
2025-12-17 13:47:09,285 - INFO - EXPERIMENT CONFIGURATION
2025-12-17 13:47:09,286 - INFO - ================================================================================
2025-12-17 13:47:09,286 - INFO - Experiment: ultimate_emotion_detection
2025-12-17 13:47:09,287 - INFO - Model: LSTM
2025-12-17 13:47:09,287 - INFO - RNN Units: 128, Layers: 1
2025-12-17 13:47:09,288 - INFO - Embedding: GLOVE, Dim: 100, Trainable: False
2025-12-17 13:47:09,289 - INFO - Ablation - Aggressive Norm: True
2025-12-17 13:47:09,289 - INFO - Ablation - Elongation Norm: True
2025-12-17 13:47:09,290 - INFO - Random Seed: 42
2025-12-17 13:47:09,291 - INFO - ================================================================================
2025-12-17 13:47:09,415 - INFO - Loading datasets...
2025-12-17 13:47:09,466 - INFO - Loaded 16000 training and 2000 validation samples
2025-12-17 13:47:14,434 - INFO - Preprocessing 16000 samples...
2025-12-17 13:47:16,669 - INFO - Preprocessing Statistics:
2025-12-17 13:47:16,671 - INFO -   Avg tokens before: 19.17
2025-12-17 13:47:16,672 - INFO -   Avg tokens after: 19.44
2025-12-17 13:47:16,672 - INFO -   Texts modified: 3850 (24.1%)
2025-12-17 13:47:16,674 - INFO - Preprocessing 2000 samples...
2025-12-17 13:47:16,951 - INFO - Preprocessing Statistics:
2025-12-17 13:47:16,951 - INFO -   Avg tokens before: 18.87
2025-12-17 13:47:16,952 - INFO -   Avg tokens after: 19.14
2025-12-17 13:47:16,952 - INFO -   Texts modified: 4338 (216.9%)
2025-12-17 13:47:16,957 - WARNING - Removed 34 duplicates
2025-12-17 13:47:16,960 - WARNING - Data leakage: 5 overlapping texts found
2025-12-17 13:47:16,978 - INFO - Creating tokenizer with max_words=20000...
2025-12-17 13:47:17,258 - INFO - Tokenizer created. Vocabulary size: 15156
2025-12-17 13:47:17,259 - INFO - Total unique words: 15156
2025-12-17 13:47:17,459 - INFO - Sequence Length Analysis:
2025-12-17 13:47:17,459 - INFO -   Mean: 19.45, Median: 17
2025-12-17 13:47:17,460 - INFO -   Max: 70, Min: 2
2025-12-17 13:47:17,460 - INFO -   Truncated: 16 (0.1%)
2025-12-17 13:47:18,392 - INFO - Converted 15966 texts to sequences of length 60
2025-12-17 13:47:18,424 - INFO - Converted 1995 texts to sequences of length 60
2025-12-17 13:47:18,473 - INFO - Tokenizer saved to configs/tokenizer.json
2025-12-17 13:47:18,486 - INFO - Loading GloVe embeddings from /home/lab/rabanof/Emotion_Detection_DL/glove/glove.6B.100d.txt...
2025-12-17 13:47:25,565 - INFO - Loaded 400000 word vectors
2025-12-17 13:47:25,649 - INFO - Embedding Matrix Created:
2025-12-17 13:47:25,650 - INFO -   Shape: (15157, 100)
2025-12-17 13:47:25,650 - INFO -   Coverage: 14198/15156 (93.68%)
2025-12-17 13:47:25,651 - INFO -   OOV: 958 (6.32%)
2025-12-17 13:47:25,867 - INFO - Embedding matrix saved to saved_models/embedding_matrix.npy
2025-12-17 13:47:25,877 - INFO - Building LSTM model...
2025-12-17 13:47:26,206 - INFO - Model built successfully!
2025-12-17 13:47:26,207 - INFO -   Type: LSTM
2025-12-17 13:47:26,207 - INFO -   Units: 128, Layers: 1
2025-12-17 13:47:26,208 - INFO -   Trainable embeddings: False
2025-12-17 13:47:26,208 - INFO -   Total parameters: 1,633,722
2025-12-17 13:47:26,221 - INFO - Class weights computed: {0: 0.5707850707850708, 1: 0.4974761637689288, 2: 2.048498845265589, 3: 1.2348027842227378, 4: 1.3766166580444905, 5: 4.684859154929577}
2025-12-17 13:47:45,326 - INFO - Epoch 1 completed in 18.97s - val_acc: 0.0456
2025-12-17 13:48:02,156 - INFO - Epoch 2 completed in 16.53s - val_acc: 0.0902
2025-12-17 13:48:21,095 - INFO - Epoch 3 completed in 18.75s - val_acc: 0.1283
2025-12-17 13:48:38,893 - INFO - Epoch 4 completed in 17.60s - val_acc: 0.2652
2025-12-17 13:48:59,000 - INFO - Epoch 5 completed in 19.91s - val_acc: 0.0406
2025-12-17 13:49:35,244 - INFO - Random seed set to: 42
2025-12-17 13:49:35,647 - INFO - ================================================================================
2025-12-17 13:49:35,648 - INFO - EXPERIMENT CONFIGURATION
2025-12-17 13:49:35,648 - INFO - ================================================================================
2025-12-17 13:49:35,649 - INFO - Experiment: ultimate_emotion_detection
2025-12-17 13:49:35,649 - INFO - Model: LSTM
2025-12-17 13:49:35,650 - INFO - RNN Units: 128, Layers: 1
2025-12-17 13:49:35,651 - INFO - Embedding: GLOVE, Dim: 100, Trainable: False
2025-12-17 13:49:35,651 - INFO - Ablation - Aggressive Norm: True
2025-12-17 13:49:35,652 - INFO - Ablation - Elongation Norm: True
2025-12-17 13:49:35,652 - INFO - Random Seed: 42
2025-12-17 13:49:35,653 - INFO - ================================================================================
2025-12-17 13:49:35,774 - INFO - Loading datasets...
2025-12-17 13:49:35,825 - INFO - Loaded 16000 training and 2000 validation samples
2025-12-17 13:49:40,769 - INFO - Preprocessing 16000 samples...
2025-12-17 13:49:43,001 - INFO - Preprocessing Statistics:
2025-12-17 13:49:43,004 - INFO -   Avg tokens before: 19.17
2025-12-17 13:49:43,004 - INFO -   Avg tokens after: 19.44
2025-12-17 13:49:43,005 - INFO -   Texts modified: 3850 (24.1%)
2025-12-17 13:49:43,006 - INFO - Preprocessing 2000 samples...
2025-12-17 13:49:43,283 - INFO - Preprocessing Statistics:
2025-12-17 13:49:43,284 - INFO -   Avg tokens before: 18.87
2025-12-17 13:49:43,284 - INFO -   Avg tokens after: 19.14
2025-12-17 13:49:43,285 - INFO -   Texts modified: 4338 (216.9%)
2025-12-17 13:49:43,290 - WARNING - Removed 34 duplicates
2025-12-17 13:49:43,293 - WARNING - Data leakage: 5 overlapping texts found
2025-12-17 13:49:43,313 - INFO - Creating tokenizer with max_words=20000...
2025-12-17 13:49:43,608 - INFO - Tokenizer created. Vocabulary size: 15156
2025-12-17 13:49:43,609 - INFO - Total unique words: 15156
2025-12-17 13:49:43,804 - INFO - Sequence Length Analysis:
2025-12-17 13:49:43,805 - INFO -   Mean: 19.45, Median: 17
2025-12-17 13:49:43,806 - INFO -   Max: 70, Min: 2
2025-12-17 13:49:43,806 - INFO -   Truncated: 16 (0.1%)
2025-12-17 13:49:44,719 - INFO - Converted 15966 texts to sequences of length 60
2025-12-17 13:49:44,750 - INFO - Converted 1995 texts to sequences of length 60
2025-12-17 13:49:44,797 - INFO - Tokenizer saved to configs/tokenizer.json
2025-12-17 13:49:44,809 - INFO - Loading GloVe embeddings from /home/lab/rabanof/Emotion_Detection_DL/glove/glove.6B.100d.txt...
2025-12-17 13:49:51,997 - INFO - Loaded 400000 word vectors
2025-12-17 13:49:52,065 - INFO - Embedding Matrix Created:
2025-12-17 13:49:52,066 - INFO -   Shape: (15157, 100)
2025-12-17 13:49:52,066 - INFO -   Coverage: 14198/15156 (93.68%)
2025-12-17 13:49:52,067 - INFO -   OOV: 958 (6.32%)
2025-12-17 13:49:52,279 - INFO - Embedding matrix saved to saved_models/embedding_matrix.npy
2025-12-17 13:49:52,288 - INFO - Building LSTM model...
2025-12-17 13:49:52,578 - INFO - Model built successfully!
2025-12-17 13:49:52,579 - INFO -   Type: LSTM
2025-12-17 13:49:52,579 - INFO -   Units: 128, Layers: 1
2025-12-17 13:49:52,580 - INFO -   Trainable embeddings: False
2025-12-17 13:49:52,581 - INFO -   Total parameters: 1,633,722
2025-12-17 13:49:52,595 - INFO - Class weights computed: {0: 0.5707850707850708, 1: 0.4974761637689288, 2: 2.048498845265589, 3: 1.2348027842227378, 4: 1.3766166580444905, 5: 4.684859154929577}
2025-12-17 13:50:13,682 - INFO - Epoch 1 completed in 20.96s - val_acc: 0.0491
2025-12-17 13:50:32,425 - INFO - Epoch 2 completed in 18.46s - val_acc: 0.0862
 - INFO - ================================================================================
2025-12-17 13:50:15,787 - INFO - EXPERIMENT CONFIGURATION
2025-12-17 13:50:15,788 - INFO - ================================================================================
2025-12-17 13:50:15,789 - INFO - Experiment: ultimate_emotion_detection
2025-12-17 13:50:15,790 - INFO - Model: LSTM
2025-12-17 13:50:15,791 - INFO - RNN Units: 128, Layers: 1
2025-12-17 13:50:15,792 - INFO - Embedding: GLOVE, Dim: 100, Trainable: False
2025-12-17 13:50:15,793 - INFO - Ablation - Aggressive Norm: True
2025-12-17 13:50:15,794 - INFO - Ablation - Elongation Norm: True
2025-12-17 13:50:15,795 - INFO - Random Seed: 42
2025-12-17 13:50:15,795 - INFO - ================================================================================
2025-12-17 13:50:16,006 - INFO - Loading datasets...
2025-12-17 13:50:16,074 - INFO - Loaded 16000 training and 2000 validation samples
2025-12-17 13:50:25,007 - INFO - Preprocessing 16000 samples...
2025-12-17 13:50:28,889 - INFO - Preprocessing Statistics:
2025-12-17 13:50:28,890 - INFO -   Avg tokens before: 19.17
2025-12-17 13:50:28,891 - INFO -   Avg tokens after: 19.44
2025-12-17 13:50:28,892 - INFO -   Texts modified: 3850 (24.1%)
2025-12-17 13:50:28,895 - INFO - Preprocessing 2000 samples...
2025-12-17 13:50:29,384 - INFO - Preprocessing Statistics:
2025-12-17 13:50:29,385 - INFO -   Avg tokens before: 18.87
2025-12-17 13:50:29,386 - INFO -   Avg tokens after: 19.14
2025-12-17 13:50:29,386 - INFO -   Texts modified: 4338 (216.9%)
2025-12-17 13:50:29,393 - WARNING - Removed 34 duplicates
2025-12-17 13:50:29,398 - WARNING - Data leakage: 5 overlapping texts found
2025-12-17 13:50:29,426 - INFO - Creating tokenizer with max_words=20000...
2025-12-17 13:50:29,936 - INFO - Tokenizer created. Vocabulary size: 15156
2025-12-17 13:50:29,937 - INFO - Total unique words: 15156
2025-12-17 13:50:30,460 - INFO - Sequence Length Analysis:
2025-12-17 13:50:30,460 - INFO -   Mean: 19.45, Median: 17
2025-12-17 13:50:30,461 - INFO -   Max: 70, Min: 2
2025-12-17 13:50:30,462 - INFO -   Truncated: 16 (0.1%)
2025-12-17 13:50:31,833 - INFO - Converted 15966 texts to sequences of length 60
2025-12-17 13:50:31,888 - INFO - Converted 1995 texts to sequences of length 60
2025-12-17 13:50:31,940 - INFO - Tokenizer saved to configs/tokenizer.json
2025-12-17 13:50:31,959 - INFO - Loading GloVe embeddings from /home/lab/rabanof/Emotion_Detection_DL/glove/glove.6B.100d.txt...
2025-12-17 13:50:53,710 - INFO - Epoch 3 completed in 21.10s - val_acc: 0.3388
,655 - INFO - Embedding Matrix Created:
2025-12-17 13:50:45,657 - INFO -   Shape: (15157, 100)
2025-12-17 13:50:45,657 - INFO -   Coverage: 14198/15156 (93.68%)
2025-12-17 13:50:45,658 - INFO -   OOV: 958 (6.32%)
2025-12-17 13:50:46,379 - INFO - Embedding matrix saved to saved_models/embedding_matrix.npy
2025-12-17 13:50:46,392 - INFO - Building LSTM model...
2025-12-17 13:50:46,842 - INFO - Model built successfully!
2025-12-17 13:50:46,843 - INFO -   Type: LSTM
2025-12-17 13:50:46,844 - INFO -   Units: 128, Layers: 1
2025-12-17 13:50:46,845 - INFO -   Trainable embeddings: False
2025-12-17 13:50:46,846 - INFO -   Total parameters: 1,633,722
2025-12-17 13:50:46,869 - INFO - Class weights computed: {0: 0.5707850707850708, 1: 0.4974761637689288, 2: 2.048498845265589, 3: 1.2348027842227378, 4: 1.3766166580444905, 5: 4.684859154929577}
2025-12-17 13:51:17,801 - INFO - Epoch 4 completed in 23.90s - val_acc: 0.2712
2025-12-17 13:51:39,235 - INFO - Epoch 5 completed in 21.33s - val_acc: 0.0612
2025-12-17 13:51:58,291 - INFO - Epoch 6 completed in 18.95s - val_acc: 0.2787
2025-12-17 13:52:16,613 - INFO - Epoch 7 completed in 18.23s - val_acc: 0.1674
2025-12-17 13:52:37,246 - INFO - Epoch 8 completed in 20.54s - val_acc: 0.2170
2025-12-17 13:52:57,263 - INFO - Epoch 9 completed in 19.91s - val_acc: 0.4526
2025-12-17 13:53:16,149 - INFO - Epoch 10 completed in 18.69s - val_acc: 0.2932
2025-12-17 13:53:33,449 - INFO - Epoch 11 completed in 17.20s - val_acc: 0.3223
2025-12-17 13:53:49,986 - INFO - Epoch 12 completed in 16.42s - val_acc: 0.3850
2025-12-17 13:54:06,485 - INFO - Epoch 13 completed in 16.39s - val_acc: 0.4962
2025-12-17 13:54:23,825 - INFO - Epoch 14 completed in 17.15s - val_acc: 0.3920
2025-12-17 13:54:40,590 - INFO - Epoch 15 completed in 16.68s - val_acc: 0.5614
2025-12-17 13:55:00,683 - INFO - Epoch 16 completed in 19.89s - val_acc: 0.6852
2025-12-17 13:55:21,403 - INFO - Epoch 17 completed in 20.53s - val_acc: 0.6722
2025-12-17 13:55:40,636 - INFO - Epoch 18 completed in 19.13s - val_acc: 0.7293
2025-12-17 13:55:58,652 - INFO - Epoch 19 completed in 17.82s - val_acc: 0.7579
2025-12-17 13:56:15,856 - INFO - Epoch 20 completed in 16.99s - val_acc: 0.7454
2025-12-17 13:56:32,729 - INFO - Epoch 21 completed in 16.77s - val_acc: 0.7624
2025-12-17 13:56:46,499 - INFO - Random seed set to: 42
2025-12-17 13:56:46,798 - INFO - ================================================================================
2025-12-17 13:56:46,799 - INFO - EXPERIMENT CONFIGURATION
2025-12-17 13:56:46,799 - INFO - ================================================================================
2025-12-17 13:56:46,800 - INFO - Experiment: ultimate_emotion_detection
2025-12-17 13:56:46,801 - INFO - Model: LSTM
2025-12-17 13:56:46,801 - INFO - RNN Units: 128, Layers: 1
2025-12-17 13:56:46,802 - INFO - Embedding: GLOVE, Dim: 100, Trainable: False
2025-12-17 13:56:46,803 - INFO - Ablation - Aggressive Norm: True
2025-12-17 13:56:46,803 - INFO - Ablation - Elongation Norm: True
2025-12-17 13:56:46,804 - INFO - Random Seed: 42
2025-12-17 13:56:46,805 - INFO - ================================================================================
2025-12-17 13:56:46,935 - INFO - Loading datasets...
2025-12-17 13:56:46,997 - INFO - Loaded 16000 training and 2000 validation samples
2025-12-17 13:56:52,029 - INFO - Preprocessing 16000 samples...
2025-12-17 13:56:53,792 - INFO - Epoch 22 completed in 20.86s - val_acc: 0.8050
2025-12-17 13:56:54,265 - INFO - Preprocessing Statistics:
2025-12-17 13:56:54,267 - INFO -   Avg tokens before: 19.17
2025-12-17 13:56:54,267 - INFO -   Avg tokens after: 19.44
2025-12-17 13:56:54,268 - INFO -   Texts modified: 3850 (24.1%)
2025-12-17 13:56:54,271 - INFO - Preprocessing 2000 samples...
2025-12-17 13:56:54,550 - INFO - Preprocessing Statistics:
2025-12-17 13:56:54,551 - INFO -   Avg tokens before: 18.87
2025-12-17 13:56:54,552 - INFO -   Avg tokens after: 19.14
2025-12-17 13:56:54,552 - INFO -   Texts modified: 4338 (216.9%)
2025-12-17 13:56:54,558 - WARNING - Removed 34 duplicates
2025-12-17 13:56:54,561 - WARNING - Data leakage: 5 overlapping texts found
2025-12-17 13:56:54,582 - INFO - Creating tokenizer with max_words=20000...
2025-12-17 13:56:54,868 - INFO - Tokenizer created. Vocabulary size: 15156
2025-12-17 13:56:54,870 - INFO - Total unique words: 15156
2025-12-17 13:56:55,066 - INFO - Sequence Length Analysis:
2025-12-17 13:56:55,067 - INFO -   Mean: 19.45, Median: 17
2025-12-17 13:56:55,068 - INFO -   Max: 70, Min: 2
2025-12-17 13:56:55,069 - INFO -   Truncated: 16 (0.1%)
2025-12-17 13:56:56,083 - INFO - Converted 15966 texts to sequences of length 60
2025-12-17 13:56:56,114 - INFO - Converted 1995 texts to sequences of length 60
2025-12-17 13:56:56,474 - INFO - Tokenizer saved to configs/tokenizer.json
2025-12-17 13:56:56,488 - INFO - Loading GloVe embeddings from /home/lab/rabanof/Emotion_Detection_DL/glove/glove.6B.100d.txt...
2025-12-17 13:57:13,034 - INFO - Loaded 400000 word vectors
2025-12-17 13:57:13,124 - INFO - Embedding Matrix Created:
2025-12-17 13:57:13,126 - INFO -   Shape: (15157, 100)
2025-12-17 13:57:13,126 - INFO -   Coverage: 14198/15156 (93.68%)
2025-12-17 13:57:13,127 - INFO -   OOV: 958 (6.32%)
2025-12-17 13:57:13,348 - INFO - Embedding matrix saved to saved_models/embedding_matrix.npy
2025-12-17 13:57:13,359 - INFO - Building LSTM model...
2025-12-17 13:57:13,672 - INFO - Model built successfully!
2025-12-17 13:57:13,673 - INFO -   Type: LSTM
2025-12-17 13:57:13,674 - INFO -   Units: 128, Layers: 1
2025-12-17 13:57:13,674 - INFO -   Trainable embeddings: False
2025-12-17 13:57:13,675 - INFO -   Total parameters: 1,633,722
2025-12-17 13:57:13,701 - INFO - Class weights computed: {0: 0.5707850707850708, 1: 0.4974761637689288, 2: 2.048498845265589, 3: 1.2348027842227378, 4: 1.3766166580444905, 5: 4.684859154929577}
2025-12-17 13:57:15,403 - INFO - Epoch 23 completed in 21.39s - val_acc: 0.8246
2025-12-17 13:57:32,540 - INFO - Epoch 24 completed in 16.85s - val_acc: 0.8321
2025-12-17 13:57:33,274 - INFO - Epoch 1 completed in 19.30s - val_acc: 0.3434
2025-12-17 13:57:50,273 - INFO - Epoch 25 completed in 17.53s - val_acc: 0.8687
2025-12-17 13:57:52,245 - INFO - Epoch 2 completed in 18.69s - val_acc: 0.2762
2025-12-17 13:58:06,355 - INFO - Epoch 26 completed in 15.89s - val_acc: 0.8627
2025-12-17 13:58:10,385 - INFO - Epoch 3 completed in 18.05s - val_acc: 0.3449
2025-12-17 13:58:22,104 - INFO - Epoch 27 completed in 15.66s - val_acc: 0.8672
2025-12-17 13:58:25,231 - INFO - Epoch 4 completed in 14.65s - val_acc: 0.2752
2025-12-17 13:58:39,203 - INFO - Epoch 28 completed in 17.01s - val_acc: 0.8767
2025-12-17 13:58:39,757 - INFO - Epoch 5 completed in 14.43s - val_acc: 0.0962
2025-12-17 13:58:55,647 - INFO - Epoch 29 completed in 16.25s - val_acc: 0.8712
2025-12-17 13:58:56,458 - INFO - Epoch 6 completed in 16.61s - val_acc: 0.3459
2025-12-17 13:59:10,057 - INFO - Epoch 30 completed in 14.32s - val_acc: 0.8872
2025-12-17 13:59:12,297 - INFO - Epoch 7 completed in 15.64s - val_acc: 0.2306
2025-12-17 13:59:29,275 - INFO - Epoch 8 completed in 16.87s - val_acc: 0.3153
2025-12-17 13:59:29,662 - INFO - Epoch 31 completed in 19.41s - val_acc: 0.8787
2025-12-17 13:59:46,004 - INFO - Epoch 9 completed in 16.63s - val_acc: 0.3830
2025-12-17 13:59:49,699 - INFO - Epoch 32 completed in 19.93s - val_acc: 0.9013
2025-12-17 14:00:02,402 - INFO - Epoch 10 completed in 16.19s - val_acc: 0.3589
2025-12-17 14:00:06,928 - INFO - Epoch 33 completed in 17.03s - val_acc: 0.8842
2025-12-17 14:00:18,565 - INFO - Epoch 11 completed in 16.05s - val_acc: 0.4962
2025-12-17 14:00:28,098 - INFO - Epoch 34 completed in 21.07s - val_acc: 0.8962
2025-12-17 14:00:35,499 - INFO - Epoch 12 completed in 16.69s - val_acc: 0.4612
2025-12-17 14:00:47,465 - INFO - Epoch 35 completed in 19.27s - val_acc: 0.9028
2025-12-17 14:00:53,608 - INFO - Epoch 13 completed in 18.02s - val_acc: 0.5689
2025-12-17 14:01:10,583 - INFO - Epoch 14 completed in 16.78s - val_acc: 0.5774
2025-12-17 14:01:31,667 - INFO - Epoch 15 completed in 20.90s - val_acc: 0.6551
2025-12-17 14:01:53,627 - INFO - Epoch 16 completed in 21.75s - val_acc: 0.6952
2025-12-17 14:02:14,330 - INFO - Epoch 17 completed in 20.50s - val_acc: 0.7624
2025-12-17 14:02:31,700 - INFO - Epoch 18 completed in 17.17s - val_acc: 0.8120
2025-12-17 14:02:46,425 - INFO - Random seed set to: 42
2025-12-17 14:02:46,726 - INFO - ================================================================================
2025-12-17 14:02:46,727 - INFO - EXPERIMENT CONFIGURATION
2025-12-17 14:02:46,728 - INFO - ================================================================================
2025-12-17 14:02:46,729 - INFO - Experiment: ultimate_emotion_detection
2025-12-17 14:02:46,729 - INFO - Model: LSTM
2025-12-17 14:02:46,730 - INFO - RNN Units: 128, Layers: 1
2025-12-17 14:02:46,731 - INFO - Embedding: GLOVE, Dim: 100, Trainable: False
2025-12-17 14:02:46,732 - INFO - Ablation - Aggressive Norm: True
2025-12-17 14:02:46,732 - INFO - Ablation - Elongation Norm: True
2025-12-17 14:02:46,733 - INFO - Random Seed: 42
2025-12-17 14:02:46,734 - INFO - ================================================================================
2025-12-17 14:02:46,867 - INFO - Loading datasets...
2025-12-17 14:02:46,924 - INFO - Loaded 16000 training and 2000 validation samples
2025-12-17 14:02:51,964 - INFO - Preprocessing 16000 samples...
2025-12-17 14:02:54,123 - INFO - Preprocessing Statistics:
2025-12-17 14:02:54,125 - INFO -   Avg tokens before: 19.17
2025-12-17 14:02:54,125 - INFO -   Avg tokens after: 19.44
2025-12-17 14:02:54,126 - INFO -   Texts modified: 3850 (24.1%)
2025-12-17 14:02:54,127 - INFO - Preprocessing 2000 samples...
2025-12-17 14:02:54,402 - INFO - Preprocessing Statistics:
2025-12-17 14:02:54,403 - INFO -   Avg tokens before: 18.87
2025-12-17 14:02:54,403 - INFO -   Avg tokens after: 19.14
2025-12-17 14:02:54,404 - INFO -   Texts modified: 4338 (216.9%)
2025-12-17 14:02:54,409 - WARNING - Removed 34 duplicates
2025-12-17 14:02:54,412 - WARNING - Data leakage: 5 overlapping texts found
2025-12-17 14:02:54,432 - INFO - Creating tokenizer with max_words=20000...
2025-12-17 14:02:54,723 - INFO - Tokenizer created. Vocabulary size: 15156
2025-12-17 14:02:54,725 - INFO - Total unique words: 15156
2025-12-17 14:02:54,929 - INFO - Sequence Length Analysis:
2025-12-17 14:02:54,930 - INFO -   Mean: 19.45, Median: 17
2025-12-17 14:02:54,931 - INFO -   Max: 70, Min: 2
2025-12-17 14:02:54,931 - INFO -   Truncated: 16 (0.1%)
2025-12-17 14:02:55,125 - INFO - Random seed set to: 42
2025-12-17 14:02:55,393 - INFO - ================================================================================
2025-12-17 14:02:55,393 - INFO - EXPERIMENT CONFIGURATION
2025-12-17 14:02:55,394 - INFO - ================================================================================
2025-12-17 14:02:55,394 - INFO - Experiment: ultimate_emotion_detection
2025-12-17 14:02:55,395 - INFO - Model: LSTM
2025-12-17 14:02:55,396 - INFO - RNN Units: 128, Layers: 1
2025-12-17 14:02:55,396 - INFO - Embedding: GLOVE, Dim: 100, Trainable: False
2025-12-17 14:02:55,397 - INFO - Ablation - Aggressive Norm: True
2025-12-17 14:02:55,397 - INFO - Ablation - Elongation Norm: True
2025-12-17 14:02:55,398 - INFO - Random Seed: 42
2025-12-17 14:02:55,399 - INFO - ================================================================================
2025-12-17 14:02:55,519 - INFO - Loading datasets...
2025-12-17 14:02:55,569 - INFO - Loaded 16000 training and 2000 validation samples
2025-12-17 14:02:55,894 - INFO - Converted 15966 texts to sequences of length 60
2025-12-17 14:02:55,926 - INFO - Converted 1995 texts to sequences of length 60
2025-12-17 14:02:55,974 - INFO - Tokenizer saved to configs/tokenizer.json
2025-12-17 14:02:55,986 - INFO - Loading GloVe embeddings from /home/lab/rabanof/Emotion_Detection_DL/glove/glove.6B.100d.txt...
2025-12-17 14:03:00,518 - INFO - Preprocessing 16000 samples...
2025-12-17 14:03:02,734 - INFO - Preprocessing Statistics:
2025-12-17 14:03:02,736 - INFO -   Avg tokens before: 19.17
2025-12-17 14:03:02,736 - INFO -   Avg tokens after: 19.44
2025-12-17 14:03:02,737 - INFO -   Texts modified: 3850 (24.1%)
2025-12-17 14:03:02,740 - INFO - Preprocessing 2000 samples...
2025-12-17 14:03:03,015 - INFO - Preprocessing Statistics:
2025-12-17 14:03:03,016 - INFO -   Avg tokens before: 18.87
2025-12-17 14:03:03,017 - INFO -   Avg tokens after: 19.14
2025-12-17 14:03:03,017 - INFO -   Texts modified: 4338 (216.9%)
2025-12-17 14:03:03,022 - WARNING - Removed 34 duplicates
2025-12-17 14:03:03,026 - WARNING - Data leakage: 5 overlapping texts found
2025-12-17 14:03:03,046 - INFO - Creating tokenizer with max_words=20000...
2025-12-17 14:03:03,123 - INFO - Loaded 400000 word vectors
2025-12-17 14:03:03,220 - INFO - Embedding Matrix Created:
2025-12-17 14:03:03,221 - INFO -   Shape: (15157, 100)
2025-12-17 14:03:03,222 - INFO -   Coverage: 14198/15156 (93.68%)
2025-12-17 14:03:03,222 - INFO -   OOV: 958 (6.32%)
2025-12-17 14:03:03,326 - INFO - Tokenizer created. Vocabulary size: 15156
2025-12-17 14:03:03,327 - INFO - Total unique words: 15156
2025-12-17 14:03:03,441 - INFO - Embedding matrix saved to saved_models/embedding_matrix.npy
2025-12-17 14:03:03,451 - INFO - Building LSTM model...
2025-12-17 14:03:03,524 - INFO - Sequence Length Analysis:
2025-12-17 14:03:03,526 - INFO -   Mean: 19.45, Median: 17
2025-12-17 14:03:03,526 - INFO -   Max: 70, Min: 2
2025-12-17 14:03:03,526 - INFO -   Truncated: 16 (0.1%)
2025-12-17 14:03:03,773 - INFO - Model built successfully!
2025-12-17 14:03:03,774 - INFO -   Type: LSTM
2025-12-17 14:03:03,775 - INFO -   Units: 128, Layers: 1
2025-12-17 14:03:03,775 - INFO -   Trainable embeddings: False
2025-12-17 14:03:03,776 - INFO -   Total parameters: 1,633,722
2025-12-17 14:03:03,792 - INFO - Class weights computed: {0: 0.5707850707850708, 1: 0.4974761637689288, 2: 2.048498845265589, 3: 1.2348027842227378, 4: 1.3766166580444905, 5: 4.684859154929577}
2025-12-17 14:03:04,480 - INFO - Converted 15966 texts to sequences of length 60
2025-12-17 14:03:04,512 - INFO - Converted 1995 texts to sequences of length 60
2025-12-17 14:03:04,561 - INFO - Tokenizer saved to configs/tokenizer.json
2025-12-17 14:03:04,574 - INFO - Loading GloVe embeddings from /home/lab/rabanof/Emotion_Detection_DL/glove/glove.6B.100d.txt...
2025-12-17 14:03:11,792 - INFO - Loaded 400000 word vectors
2025-12-17 14:03:11,882 - INFO - Embedding Matrix Created:
2025-12-17 14:03:11,884 - INFO -   Shape: (15157, 100)
2025-12-17 14:03:11,885 - INFO -   Coverage: 14198/15156 (93.68%)
2025-12-17 14:03:11,885 - INFO -   OOV: 958 (6.32%)
2025-12-17 14:03:12,109 - INFO - Embedding matrix saved to saved_models/embedding_matrix.npy
2025-12-17 14:03:12,119 - INFO - Building LSTM model...
2025-12-17 14:03:12,457 - INFO - Model built successfully!
2025-12-17 14:03:12,458 - INFO -   Type: LSTM
2025-12-17 14:03:12,458 - INFO -   Units: 128, Layers: 1
2025-12-17 14:03:12,459 - INFO -   Trainable embeddings: False
2025-12-17 14:03:12,459 - INFO -   Total parameters: 1,633,722
2025-12-17 14:03:12,474 - INFO - Class weights computed: {0: 0.5707850707850708, 1: 0.4974761637689288, 2: 2.048498845265589, 3: 1.2348027842227378, 4: 1.3766166580444905, 5: 4.684859154929577}
2025-12-17 14:03:22,608 - INFO - Epoch 1 completed in 18.68s - val_acc: 0.3489
2025-12-17 14:03:31,040 - INFO - Epoch 1 completed in 18.42s - val_acc: 0.3444
2025-12-17 14:03:41,866 - INFO - Epoch 2 completed in 18.99s - val_acc: 0.0907
2025-12-17 14:03:49,212 - INFO - Epoch 2 completed in 17.88s - val_acc: 0.0982
2025-12-17 14:04:03,040 - INFO - Epoch 3 completed in 21.08s - val_acc: 0.0907
2025-12-17 14:04:05,274 - INFO - Epoch 3 completed in 15.96s - val_acc: 0.3203
2025-12-17 14:04:21,931 - INFO - Epoch 4 completed in 18.79s - val_acc: 0.2662
2025-12-17 14:04:23,817 - INFO - Epoch 4 completed in 18.45s - val_acc: 0.2727
2025-12-17 14:04:45,466 - INFO - Epoch 5 completed in 23.44s - val_acc: 0.1228
2025-12-17 14:04:45,757 - INFO - Epoch 5 completed in 21.84s - val_acc: 0.3799
2025-12-17 14:05:03,144 - INFO - Epoch 6 completed in 17.19s - val_acc: 0.2090
2025-12-17 14:05:06,011 - INFO - Epoch 6 completed in 20.45s - val_acc: 0.2792
2025-12-17 14:05:06,125 - INFO - Training completed!
2025-12-17 14:05:06,126 - INFO -   Total time: 121.42s
2025-12-17 14:05:06,126 - INFO -   Best val accuracy: 0.3489 at epoch 1
2025-12-17 14:05:17,683 - INFO - Added experiment: ultimate_emotion_detection
2025-12-17 14:05:18,175 - INFO - Configuration saved to configs/ultimate_emotion_detection_config.json
2025-12-17 14:05:24,555 - INFO - Epoch 7 completed in 21.32s - val_acc: 0.2797
2025-12-17 14:05:46,990 - INFO - Epoch 8 completed in 22.34s - val_acc: 0.3724
2025-12-17 14:06:08,702 - INFO - Epoch 9 completed in 21.62s - val_acc: 0.4035
2025-12-17 14:06:29,985 - INFO - Epoch 10 completed in 21.09s - val_acc: 0.3945
2025-12-17 14:06:48,398 - INFO - Epoch 11 completed in 18.28s - val_acc: 0.5494
2025-12-17 14:07:05,636 - INFO - Epoch 12 completed in 16.99s - val_acc: 0.6306
2025-12-17 14:07:28,470 - INFO - Epoch 13 completed in 22.65s - val_acc: 0.6617
2025-12-17 14:07:49,136 - INFO - Epoch 14 completed in 20.47s - val_acc: 0.6852
2025-12-17 14:08:08,763 - INFO - Epoch 15 completed in 19.43s - val_acc: 0.7233
2025-12-17 14:08:30,425 - INFO - Epoch 16 completed in 21.45s - val_acc: 0.7810
2025-12-17 14:08:52,380 - INFO - Epoch 17 completed in 21.76s - val_acc: 0.7920
2025-12-17 14:09:12,863 - INFO - Epoch 18 completed in 20.29s - val_acc: 0.8140
2025-12-17 14:09:33,003 - INFO - Epoch 19 completed in 19.95s - val_acc: 0.8376
2025-12-17 14:09:51,613 - INFO - Epoch 20 completed in 18.42s - val_acc: 0.8321
2025-12-17 14:10:07,849 - INFO - Random seed set to: 42
2025-12-17 14:10:08,125 - INFO - ================================================================================
2025-12-17 14:10:08,126 - INFO - EXPERIMENT CONFIGURATION
2025-12-17 14:10:08,127 - INFO - ================================================================================
2025-12-17 14:10:08,128 - INFO - Experiment: ultimate_emotion_detection
2025-12-17 14:10:08,128 - INFO - Model: LSTM
2025-12-17 14:10:08,129 - INFO - RNN Units: 128, Layers: 1
2025-12-17 14:10:08,130 - INFO - Embedding: GLOVE, Dim: 100, Trainable: False
2025-12-17 14:10:08,131 - INFO - Ablation - Aggressive Norm: True
2025-12-17 14:10:08,131 - INFO - Ablation - Elongation Norm: True
2025-12-17 14:10:08,132 - INFO - Random Seed: 42
2025-12-17 14:10:08,133 - INFO - ================================================================================
2025-12-17 14:10:08,212 - INFO - Epoch 21 completed in 16.51s - val_acc: 0.8521
2025-12-17 14:10:08,269 - INFO - Loading datasets...
2025-12-17 14:10:08,373 - INFO - Loaded 16000 training and 2000 validation samples
2025-12-17 14:10:13,487 - INFO - Preprocessing 16000 samples...
2025-12-17 14:10:15,741 - INFO - Preprocessing Statistics:
2025-12-17 14:10:15,746 - INFO -   Avg tokens before: 19.17
2025-12-17 14:10:15,746 - INFO -   Avg tokens after: 19.44
2025-12-17 14:10:15,747 - INFO -   Texts modified: 3850 (24.1%)
2025-12-17 14:10:15,751 - INFO - Preprocessing 2000 samples...
2025-12-17 14:10:16,051 - INFO - Preprocessing Statistics:
2025-12-17 14:10:16,053 - INFO -   Avg tokens before: 18.87
2025-12-17 14:10:16,053 - INFO -   Avg tokens after: 19.14
2025-12-17 14:10:16,054 - INFO -   Texts modified: 4338 (216.9%)
2025-12-17 14:10:16,061 - WARNING - Removed 34 duplicates
2025-12-17 14:10:16,065 - WARNING - Data leakage: 5 overlapping texts found
2025-12-17 14:10:16,088 - INFO - Creating tokenizer with max_words=20000...
2025-12-17 14:10:16,392 - INFO - Tokenizer created. Vocabulary size: 15156
2025-12-17 14:10:16,396 - INFO - Total unique words: 15156
2025-12-17 14:10:16,896 - INFO - Sequence Length Analysis:
2025-12-17 14:10:16,897 - INFO -   Mean: 19.45, Median: 17
2025-12-17 14:10:16,898 - INFO -   Max: 70, Min: 2
2025-12-17 14:10:16,899 - INFO -   Truncated: 16 (0.1%)
2025-12-17 14:10:17,662 - INFO - Converted 15966 texts to sequences of length 60
2025-12-17 14:10:17,696 - INFO - Converted 1995 texts to sequences of length 60
2025-12-17 14:10:17,747 - INFO - Tokenizer saved to configs/tokenizer.json
2025-12-17 14:10:17,762 - INFO - Loading GloVe embeddings from /home/lab/rabanof/Emotion_Detection_DL/glove/glove.6B.100d.txt...
2025-12-17 14:10:24,948 - INFO - Loaded 400000 word vectors
2025-12-17 14:10:25,036 - INFO - Embedding Matrix Created:
2025-12-17 14:10:25,037 - INFO -   Shape: (15157, 100)
2025-12-17 14:10:25,038 - INFO -   Coverage: 14198/15156 (93.68%)
2025-12-17 14:10:25,039 - INFO -   OOV: 958 (6.32%)
2025-12-17 14:10:25,258 - INFO - Embedding matrix saved to saved_models/embedding_matrix.npy
2025-12-17 14:10:25,269 - INFO - Building LSTM model...
2025-12-17 14:10:25,586 - INFO - Model built successfully!
2025-12-17 14:10:25,587 - INFO -   Type: LSTM
2025-12-17 14:10:25,588 - INFO -   Units: 128, Layers: 1
2025-12-17 14:10:25,589 - INFO -   Trainable embeddings: False
2025-12-17 14:10:25,590 - INFO -   Total parameters: 1,633,722
2025-12-17 14:10:25,607 - INFO - Class weights computed: {0: 0.5707850707850708, 1: 0.4974761637689288, 2: 2.048498845265589, 3: 1.2348027842227378, 4: 1.3766166580444905, 5: 4.684859154929577}
2025-12-17 14:10:26,746 - INFO - Epoch 22 completed in 18.35s - val_acc: 0.8521
2025-12-17 14:10:48,324 - INFO - Epoch 23 completed in 21.49s - val_acc: 0.8607
2025-12-17 14:10:48,708 - INFO - Epoch 1 completed in 22.97s - val_acc: 0.3469
2025-12-17 14:11:07,950 - INFO - Epoch 2 completed in 18.94s - val_acc: 0.0451
2025-12-17 14:11:08,590 - INFO - Epoch 24 completed in 20.07s - val_acc: 0.8531
2025-12-17 14:11:28,520 - INFO - Epoch 3 completed in 20.47s - val_acc: 0.2997
2025-12-17 14:11:30,461 - INFO - Epoch 25 completed in 21.78s - val_acc: 0.8897
2025-12-17 14:11:48,872 - INFO - Epoch 26 completed in 18.22s - val_acc: 0.8857
2025-12-17 14:11:50,908 - INFO - Epoch 4 completed in 22.29s - val_acc: 0.1163
2025-12-17 14:12:06,433 - INFO - Epoch 27 completed in 17.47s - val_acc: 0.8702
2025-12-17 14:12:12,251 - INFO - Epoch 5 completed in 21.24s - val_acc: 0.2060
2025-12-17 14:12:22,968 - INFO - Epoch 28 completed in 16.44s - val_acc: 0.8837
2025-12-17 14:12:31,579 - INFO - Epoch 6 completed in 19.21s - val_acc: 0.2296
2025-12-17 14:12:40,530 - INFO - Epoch 29 completed in 17.46s - val_acc: 0.8897
2025-12-17 14:13:01,149 - INFO - Epoch 30 completed in 20.51s - val_acc: 0.8962
2025-12-17 14:13:21,663 - INFO - Epoch 31 completed in 20.31s - val_acc: 0.9018
2025-12-17 14:13:41,140 - INFO - Epoch 32 completed in 19.29s - val_acc: 0.9028
